current directory: C:/Users/cakee/Desktop/work/cocoon_sample/vender/bundle/gems/bootsnap-1.4.4/ext/bootsnap
C:/Ruby/devkit/bin/ruby.exe -r ./siteconf20190810-20900-17y9093.rb extconf.rb
creating Makefile

current directory: C:/Users/cakee/Desktop/work/cocoon_sample/vender/bundle/gems/bootsnap-1.4.4/ext/bootsnap
make "DESTDIR=" clean

current directory: C:/Users/cakee/Desktop/work/cocoon_sample/vender/bundle/gems/bootsnap-1.4.4/ext/bootsnap
make "DESTDIR="
generating bootsnap-x64-mingw32.def
compiling bootsnap.c
In file included from C:/Ruby/devkit/include/ruby-2.4.0/ruby.h:33,
                 from bootsnap.c:15:
C:/Ruby/devkit/include/ruby-2.4.0/ruby/ruby.h:631:1: warning: 'const' attribute on function returning 'void' [-Wattributes]
 CONSTFUNC(void rb_secure_update(VALUE));
 ^~~~~~~~~
In file included from C:/Ruby/devkit/include/ruby-2.4.0/ruby/ruby.h:2012,
                 from C:/Ruby/devkit/include/ruby-2.4.0/ruby.h:33,
                 from bootsnap.c:15:
C:/Ruby/devkit/include/ruby-2.4.0/ruby/intern.h:257:1: warning: 'const' attribute on function returning 'void' [-Wattributes]
 CONSTFUNC(void rb_error_untrusted(VALUE));
 ^~~~~~~~~
C:/Ruby/devkit/include/ruby-2.4.0/ruby/intern.h:259:1: warning: 'const' attribute on function returning 'void' [-Wattributes]
 CONSTFUNC(void rb_check_trusted(VALUE));
 ^~~~~~~~~
linking shared-object bootsnap/bootsnap.so

current directory: C:/Users/cakee/Desktop/work/cocoon_sample/vender/bundle/gems/bootsnap-1.4.4/ext/bootsnap
make "DESTDIR=" install
/usr/bin/install -c -m 0755 bootsnap.so ./.gem.20190810-20900-ue7y9f/bootsnap
