current directory: C:/Users/cakee/Desktop/work/cocoon_sample/vender/bundle/gems/websocket-driver-0.7.1/ext/websocket-driver
C:/Ruby/devkit/bin/ruby.exe -r ./siteconf20190810-20900-4d9ezs.rb extconf.rb
creating Makefile

current directory: C:/Users/cakee/Desktop/work/cocoon_sample/vender/bundle/gems/websocket-driver-0.7.1/ext/websocket-driver
make "DESTDIR=" clean

current directory: C:/Users/cakee/Desktop/work/cocoon_sample/vender/bundle/gems/websocket-driver-0.7.1/ext/websocket-driver
make "DESTDIR="
generating websocket_mask-x64-mingw32.def
compiling websocket_mask.c
In file included from C:/Ruby/devkit/include/ruby-2.4.0/ruby.h:33,
                 from websocket_mask.c:1:
C:/Ruby/devkit/include/ruby-2.4.0/ruby/ruby.h:631:1: warning: 'const' attribute on function returning 'void' [-Wattributes]
 CONSTFUNC(void rb_secure_update(VALUE));
 ^~~~~~~~~
In file included from C:/Ruby/devkit/include/ruby-2.4.0/ruby/ruby.h:2012,
                 from C:/Ruby/devkit/include/ruby-2.4.0/ruby.h:33,
                 from websocket_mask.c:1:
C:/Ruby/devkit/include/ruby-2.4.0/ruby/intern.h:257:1: warning: 'const' attribute on function returning 'void' [-Wattributes]
 CONSTFUNC(void rb_error_untrusted(VALUE));
 ^~~~~~~~~
C:/Ruby/devkit/include/ruby-2.4.0/ruby/intern.h:259:1: warning: 'const' attribute on function returning 'void' [-Wattributes]
 CONSTFUNC(void rb_check_trusted(VALUE));
 ^~~~~~~~~
linking shared-object websocket_mask.so

current directory: C:/Users/cakee/Desktop/work/cocoon_sample/vender/bundle/gems/websocket-driver-0.7.1/ext/websocket-driver
make "DESTDIR=" install
/usr/bin/install -c -m 0755 websocket_mask.so ./.gem.20190810-20900-zjpot1
