"pkg-config --exists sqlite3"
package configuration for sqlite3 is not found
find_header: checking for sqlite3.h... -------------------- no

"x86_64-w64-mingw32-gcc -o conftest.exe -IC:/Ruby/devkit/include/ruby-2.4.0/x64-mingw32 -IC:/Ruby/devkit/include/ruby-2.4.0/ruby/backward -IC:/Ruby/devkit/include/ruby-2.4.0 -I. -D_FORTIFY_SOURCE=2 -D__USE_MINGW_ANSI_STDIO=1 -DFD_SETSIZE=2048 -D_WIN32_WINNT=0x0501 -D__MINGW_USE_VC2005_COMPAT -D_FILE_OFFSET_BITS=64  -march=x86-64 -mtune=generic -O2 -pipe conftest.c  -L. -LC:/Ruby/devkit/lib -L. -pipe     -lx64-msvcrt-ruby240  -lgmp -lshell32 -lws2_32 -liphlpapi -limagehlp -lshlwapi  "
In file included from C:/Ruby/devkit/include/ruby-2.4.0/ruby.h:33,
                 from conftest.c:1:
C:/Ruby/devkit/include/ruby-2.4.0/ruby/ruby.h:631:1: warning: 'const' attribute on function returning 'void' [-Wattributes]
 CONSTFUNC(void rb_secure_update(VALUE));
 ^~~~~~~~~
In file included from C:/Ruby/devkit/include/ruby-2.4.0/ruby/ruby.h:2012,
                 from C:/Ruby/devkit/include/ruby-2.4.0/ruby.h:33,
                 from conftest.c:1:
C:/Ruby/devkit/include/ruby-2.4.0/ruby/intern.h:257:1: warning: 'const' attribute on function returning 'void' [-Wattributes]
 CONSTFUNC(void rb_error_untrusted(VALUE));
 ^~~~~~~~~
C:/Ruby/devkit/include/ruby-2.4.0/ruby/intern.h:259:1: warning: 'const' attribute on function returning 'void' [-Wattributes]
 CONSTFUNC(void rb_check_trusted(VALUE));
 ^~~~~~~~~
checked program was:
/* begin */
1: #include "ruby.h"
2: 
3: #include <winsock2.h>
4: #include <windows.h>
5: int main(int argc, char **argv)
6: {
7:   return 0;
8: }
/* end */

"x86_64-w64-mingw32-gcc -E -IC:/Ruby/devkit/include/ruby-2.4.0/x64-mingw32 -IC:/Ruby/devkit/include/ruby-2.4.0/ruby/backward -IC:/Ruby/devkit/include/ruby-2.4.0 -I. -D_FORTIFY_SOURCE=2 -D__USE_MINGW_ANSI_STDIO=1 -DFD_SETSIZE=2048 -D_WIN32_WINNT=0x0501 -D__MINGW_USE_VC2005_COMPAT -D_FILE_OFFSET_BITS=64  -march=x86-64 -mtune=generic -O2 -pipe  conftest.c -o conftest.i"
conftest.c:5:10: fatal error: sqlite3.h: No such file or directory
 #include <sqlite3.h>
          ^~~~~~~~~~~
compilation terminated.
checked program was:
/* begin */
1: #include "ruby.h"
2: 
3: #include <winsock2.h>
4: #include <windows.h>
5: #include <sqlite3.h>
/* end */

--------------------

