current directory: C:/Users/cakee/Desktop/work/cocoon_sample/vender/bundle/gems/duktape-2.3.0.0/ext/duktape
C:/Ruby/devkit/bin/ruby.exe -r ./siteconf20190810-20900-1kh0e9a.rb extconf.rb
checking for rb_sym2str()... yes
creating Makefile

current directory: C:/Users/cakee/Desktop/work/cocoon_sample/vender/bundle/gems/duktape-2.3.0.0/ext/duktape
make "DESTDIR=" clean

current directory: C:/Users/cakee/Desktop/work/cocoon_sample/vender/bundle/gems/duktape-2.3.0.0/ext/duktape
make "DESTDIR="
generating duktape_ext-x64-mingw32.def
compiling duktape.c
compiling duktape_ext.c
In file included from C:/Ruby/devkit/include/ruby-2.4.0/ruby.h:33,
                 from duktape_ext.c:1:
C:/Ruby/devkit/include/ruby-2.4.0/ruby/ruby.h:631:1: warning: 'const' attribute on function returning 'void' [-Wattributes]
 CONSTFUNC(void rb_secure_update(VALUE));
 ^~~~~~~~~
In file included from C:/Ruby/devkit/include/ruby-2.4.0/ruby/ruby.h:2012,
                 from C:/Ruby/devkit/include/ruby-2.4.0/ruby.h:33,
                 from duktape_ext.c:1:
C:/Ruby/devkit/include/ruby-2.4.0/ruby/intern.h:257:1: warning: 'const' attribute on function returning 'void' [-Wattributes]
 CONSTFUNC(void rb_error_untrusted(VALUE));
 ^~~~~~~~~
C:/Ruby/devkit/include/ruby-2.4.0/ruby/intern.h:259:1: warning: 'const' attribute on function returning 'void' [-Wattributes]
 CONSTFUNC(void rb_check_trusted(VALUE));
 ^~~~~~~~~
linking shared-object duktape_ext.so

current directory: C:/Users/cakee/Desktop/work/cocoon_sample/vender/bundle/gems/duktape-2.3.0.0/ext/duktape
make "DESTDIR=" install
/usr/bin/install -c -m 0755 duktape_ext.so ./.gem.20190810-20900-2n6bnv
